[17:19:45] ============================================================
[17:19:45] Batch MCMC scan 500 pkt — start  (2026-06-02 17:19)
[17:19:45]   500 pkt × 32 walkerów × (300 burnin + 1000 kroków)
[17:19:45] ============================================================
[17:19:45] 
[1/3] MCMC_SCAN → model KPVL
[19:32:24]   Zapisano: results/KPVL/mcmc_scan/mcmc_scan.csv
[19:32:24]   Zidentyfikowane (KL ≥ 1.0): 331/500
[19:32:24]   Skonfundowane (corr ≥ 0.7): 349/500
[19:32:24]   Generowanie wykresów...
[19:32:31]   MCMC_SCAN/KPVL: gotowe.  Czas: 132.8 min
[19:32:31] 
[2/3] MCMC_SCAN → model PVL-Delta
[21:04:12]   Zapisano: results/PVL-Delta/mcmc_scan/mcmc_scan.csv
[21:04:12]   Zidentyfikowane (KL ≥ 1.0): 163/500
[21:04:12]   Skonfundowane (corr ≥ 0.7): 265/500
[21:04:12]   Generowanie wykresów...
[21:04:17]   MCMC_SCAN/PVL-Delta: gotowe.  Czas: 91.8 min
[21:04:17] 
[3/3] MCMC_SCAN → model ORL
[23:06:53]   Zapisano: results/ORL/mcmc_scan/mcmc_scan.csv
[23:06:53]   Zidentyfikowane (KL ≥ 1.0): 238/500
[23:06:53]   Skonfundowane (corr ≥ 0.7): 73/500
[23:06:53]   Generowanie wykresów...
[23:07:00]   MCMC_SCAN/ORL: gotowe.  Czas: 122.7 min
[23:07:00] 
============================================================
[23:07:00] Wszystkie skany zakończone.
[23:07:00] ============================================================
