[11:43:38] ============================================================
[11:43:38] Batch PSP start — 3 modele × 2 strategie
[11:43:38] ============================================================
[11:43:38] 
[1/3] PSP → model KPVL
[11:43:38]   PSP/KPVL/Broad: generuję 5000 punktów LHS...
[11:43:51]   Zapisano: results/KPVL/psp/psp_broad.csv
/home/mateusz/projects/igt_sims/src/plots/psp.py:30: FutureWarning: 

Passing `palette` without assigning `hue` is deprecated and will be removed in v0.14.0. Assign the `x` variable to `hue` and set `legend=False` for the same effect.

  sns.barplot(x=percents.index, y=percents.values, palette=_PALETTE, ax=ax)

=== PSP analysis: Broad ===
           Agent Count  Share [%]
Pattern                          
GOB               4709      94.18
BOG                177       3.54
IOF                109       2.18
Remaining            4       0.08
FOI                  1       0.02
Saved: results/KPVL/psp/psp_pairplot_broad.png
Saved: results/KPVL/psp/psp_dist_broad.png
[11:43:56]   Wykresy zapisane.
[11:43:56]   PSP/KPVL/Restricted: generuję 5000 punktów LHS...
[11:44:09]   Zapisano: results/KPVL/psp/psp_restricted.csv
/home/mateusz/projects/igt_sims/src/plots/psp.py:30: FutureWarning: 

Passing `palette` without assigning `hue` is deprecated and will be removed in v0.14.0. Assign the `x` variable to `hue` and set `legend=False` for the same effect.

  sns.barplot(x=percents.index, y=percents.values, palette=_PALETTE, ax=ax)

=== PSP analysis: Restricted ===
           Agent Count  Share [%]
Pattern                          
GOB               3375      67.50
Remaining         1489      29.78
IOF                 97       1.94
BOG                 37       0.74
FOI                  2       0.04
Saved: results/KPVL/psp/psp_pairplot_restricted.png
Saved: results/KPVL/psp/psp_dist_restricted.png
[11:44:14]   Wykresy zapisane.
[11:44:14]   Czas: 0.6 min
[11:44:14] 
[2/3] PSP → model PVL-Delta
[11:44:14]   PSP/PVL-Delta/Broad: generuję 5000 punktów LHS...
[11:44:26]   Zapisano: results/PVL-Delta/psp/psp_broad.csv
/home/mateusz/projects/igt_sims/src/plots/psp.py:30: FutureWarning: 

Passing `palette` without assigning `hue` is deprecated and will be removed in v0.14.0. Assign the `x` variable to `hue` and set `legend=False` for the same effect.

  sns.barplot(x=percents.index, y=percents.values, palette=_PALETTE, ax=ax)

=== PSP analysis: Broad ===
           Agent Count  Share [%]
Pattern                          
GOB               4415      88.30
BOG                559      11.18
IOF                 24       0.48
FOI                  1       0.02
Remaining            1       0.02
Saved: results/PVL-Delta/psp/psp_pairplot_broad.png
Saved: results/PVL-Delta/psp/psp_dist_broad.png
[11:44:30]   Wykresy zapisane.
[11:44:30]   PSP/PVL-Delta/Restricted: generuję 5000 punktów LHS...
[11:44:42]   Zapisano: results/PVL-Delta/psp/psp_restricted.csv
/home/mateusz/projects/igt_sims/src/plots/psp.py:30: FutureWarning: 

Passing `palette` without assigning `hue` is deprecated and will be removed in v0.14.0. Assign the `x` variable to `hue` and set `legend=False` for the same effect.

  sns.barplot(x=percents.index, y=percents.values, palette=_PALETTE, ax=ax)

=== PSP analysis: Restricted ===
           Agent Count  Share [%]
Pattern                          
GOB               4041      80.82
IOF                380       7.60
BOG                312       6.24
Remaining          257       5.14
FOI                 10       0.20
Saved: results/PVL-Delta/psp/psp_pairplot_restricted.png
Saved: results/PVL-Delta/psp/psp_dist_restricted.png
[11:44:46]   Wykresy zapisane.
[11:44:46]   Czas: 0.5 min
[11:44:46] 
[3/3] PSP → model ORL
[11:44:46]   PSP/ORL/Broad: generuję 5000 punktów LHS...
[11:44:57]   Zapisano: results/ORL/psp/psp_broad.csv
/home/mateusz/projects/igt_sims/src/plots/psp.py:30: FutureWarning: 

Passing `palette` without assigning `hue` is deprecated and will be removed in v0.14.0. Assign the `x` variable to `hue` and set `legend=False` for the same effect.

  sns.barplot(x=percents.index, y=percents.values, palette=_PALETTE, ax=ax)

=== PSP analysis: Broad ===
           Agent Count  Share [%]
Pattern                          
GOB               3405      68.10
BOG               1438      28.76
FOI                152       3.04
IOF                  3       0.06
Remaining            2       0.04
Saved: results/ORL/psp/psp_pairplot_broad.png
Saved: results/ORL/psp/psp_dist_broad.png
[11:45:03]   Wykresy zapisane.
[11:45:03]   PSP/ORL/Restricted: generuję 5000 punktów LHS...
[11:45:15]   Zapisano: results/ORL/psp/psp_restricted.csv
/home/mateusz/projects/igt_sims/src/plots/psp.py:30: FutureWarning: 

Passing `palette` without assigning `hue` is deprecated and will be removed in v0.14.0. Assign the `x` variable to `hue` and set `legend=False` for the same effect.

  sns.barplot(x=percents.index, y=percents.values, palette=_PALETTE, ax=ax)

=== PSP analysis: Restricted ===
           Agent Count  Share [%]
Pattern                          
GOB               2620      52.40
Remaining         1109      22.18
FOI                970      19.40
BOG                243       4.86
IOF                 58       1.16
Saved: results/ORL/psp/psp_pairplot_restricted.png
Saved: results/ORL/psp/psp_dist_restricted.png
[11:45:21]   Wykresy zapisane.
[11:45:21]   Czas: 0.6 min
[11:45:21] 
============================================================
[11:45:21] Wszystkie zadania PSP zakończone.
[11:45:21] ============================================================
